# JRE version: OpenJDK Runtime Environment Temurin-21.0.7+6 (21.0.7+6) (build 21.0.7+6-LTS)
# Java VM: OpenJDK 64-Bit Server VM Temurin-21.0.7+6 (21.0.7+6-LTS, mixed mode, sharing, tiered, compressed oops, compressed class ptrs, parallel gc, windows-amd64)
GC Precious Log:
 CardTable entry size: 512
 CPUs: 12 total, 12 available
 Memory: 15662M
 Large Page Support: Disabled
 NUMA Support: Disabled
 Compressed Oops: Enabled (32-bit)
 Alignments: Space 512K, Generation 512K, Heap 2M
 Heap Min Capacity: 100M
 Heap Initial Capacity: 100M
 Heap Max Capacity: 1G
 Pre-touch: Disabled
 Parallel Workers: 10
Heap:
 PSYoungGen      total 3584K, used 1371K [0x00000000eab00000, 0x00000000eb080000, 0x0000000100000000)
  eden space 2560K, 13% used [0x00000000eab00000,0x00000000eab56d68,0x00000000ead80000)
  from space 1024K, 100% used [0x00000000eae00000,0x00000000eaf00000,0x00000000eaf00000)
  to   space 1536K, 0% used [0x00000000eaf00000,0x00000000eaf00000,0x00000000eb080000)
 ParOldGen       total 667648K, used 667535K [0x00000000c0000000, 0x00000000e8c00000, 0x00000000eab00000)
  object space 667648K, 99% used [0x00000000c0000000,0x00000000e8be3d08,0x00000000e8c00000)
 Metaspace       used 79231K, committed 80704K, reserved 1179648K
  class space    used 7502K, committed 8256K, reserved 1048576K
GC Heap History (20 events):
Event: 13715.707 GC heap before
{Heap before GC invocations=9929 (full 16):
 PSYoungGen      total 5632K, used 4983K [0x00000000eab00000, 0x00000000eb380000, 0x0000000100000000)
  eden space 2560K, 90% used [0x00000000eab00000,0x00000000ead45eb8,0x00000000ead80000)
  from space 3072K, 86% used [0x00000000ead80000,0x00000000eb018000,0x00000000eb080000)
  to   space 3072K, 0% used [0x00000000eb080000,0x00000000eb080000,0x00000000eb380000)
 ParOldGen       total 656384K, used 656275K [0x00000000c0000000, 0x00000000e8100000, 0x00000000eab00000)
  object space 656384K, 99% used [0x00000000c0000000,0x00000000e80e4d48,0x00000000e8100000)
 Metaspace       used 79231K, committed 80704K, reserved 1179648K
  class space    used 7502K, committed 8256K, reserved 1048576K
}
Event: 13715.711 GC heap after
{Heap after GC invocations=9929 (full 16):
 PSYoungGen      total 4608K, used 1937K [0x00000000eab00000, 0x00000000eb280000, 0x0000000100000000)
  eden space 2560K, 0% used [0x00000000eab00000,0x00000000eab00000,0x00000000ead80000)
  from space 2048K, 94% used [0x00000000eb080000,0x00000000eb264400,0x00000000eb280000)
  to   space 2560K, 0% used [0x00000000ead80000,0x00000000ead80000,0x00000000eb000000)
 ParOldGen       total 658944K, used 658851K [0x00000000c0000000, 0x00000000e8380000, 0x00000000eab00000)
  object space 658944K, 99% used [0x00000000c0000000,0x00000000e8368d48,0x00000000e8380000)
 Metaspace       used 79231K, committed 80704K, reserved 1179648K
  class space    used 7502K, committed 8256K, reserved 1048576K
}
Event: 13715.734 GC heap before
{Heap before GC invocations=9930 (full 16):
 PSYoungGen      total 4608K, used 4497K [0x00000000eab00000, 0x00000000eb280000, 0x0000000100000000)
  eden space 2560K, 100% used [0x00000000eab00000,0x00000000ead80000,0x00000000ead80000)
  from space 2048K, 94% used [0x00000000eb080000,0x00000000eb264400,0x00000000eb280000)
  to   space 2560K, 0% used [0x00000000ead80000,0x00000000ead80000,0x00000000eb000000)
 ParOldGen       total 658944K, used 658851K [0x00000000c0000000, 0x00000000e8380000, 0x00000000eab00000)
  object space 658944K, 99% used [0x00000000c0000000,0x00000000e8368d48,0x00000000e8380000)
 Metaspace       used 79231K, committed 80704K, reserved 1179648K
  class space    used 7502K, committed 8256K, reserved 1048576K
}
Event: 13715.737 GC heap after
{Heap after GC invocations=9930 (full 16):
 PSYoungGen      total 5120K, used 2479K [0x00000000eab00000, 0x00000000eb380000, 0x0000000100000000)
  eden space 2560K, 0% used [0x00000000eab00000,0x00000000eab00000,0x00000000ead80000)
  from space 2560K, 96% used [0x00000000ead80000,0x00000000eafebe30,0x00000000eb000000)
  to   space 3072K, 0% used [0x00000000eb080000,0x00000000eb080000,0x00000000eb380000)
 ParOldGen       total 660480K, used 660363K [0x00000000c0000000, 0x00000000e8500000, 0x00000000eab00000)
  object space 660480K, 99% used [0x00000000c0000000,0x00000000e84e2d48,0x00000000e8500000)
 Metaspace       used 79231K, committed 80704K, reserved 1179648K
  class space    used 7502K, committed 8256K, reserved 1048576K
}
Event: 13715.744 GC heap before
{Heap before GC invocations=9931 (full 16):
 PSYoungGen      total 5120K, used 5039K [0x00000000eab00000, 0x00000000eb380000, 0x0000000100000000)
  eden space 2560K, 100% used [0x00000000eab00000,0x00000000ead80000,0x00000000ead80000)
  from space 2560K, 96% used [0x00000000ead80000,0x00000000eafebe30,0x00000000eb000000)
  to   space 3072K, 0% used [0x00000000eb080000,0x00000000eb080000,0x00000000eb380000)
 ParOldGen       total 660480K, used 660363K [0x00000000c0000000, 0x00000000e8500000, 0x00000000eab00000)
  object space 660480K, 99% used [0x00000000c0000000,0x00000000e84e2d48,0x00000000e8500000)
 Metaspace       used 79231K, committed 80704K, reserved 1179648K
  class space    used 7502K, committed 8256K, reserved 1048576K
}
Event: 13715.747 GC heap after
{Heap after GC invocations=9931 (full 16):
 PSYoungGen      total 5120K, used 2478K [0x00000000eab00000, 0x00000000eb300000, 0x0000000100000000)
  eden space 2560K, 0% used [0x00000000eab00000,0x00000000eab00000,0x00000000ead80000)
  from space 2560K, 96% used [0x00000000eb080000,0x00000000eb2eb800,0x00000000eb300000)
  to   space 2560K, 0% used [0x00000000ead80000,0x00000000ead80000,0x00000000eb000000)
 ParOldGen       total 663040K, used 662968K [0x00000000c0000000, 0x00000000e8780000, 0x00000000eab00000)
  object space 663040K, 99% used [0x00000000c0000000,0x00000000e876e1a8,0x00000000e8780000)
 Metaspace       used 79231K, committed 80704K, reserved 1179648K
  class space    used 7502K, committed 8256K, reserved 1048576K
}
Event: 13715.757 GC heap before
{Heap before GC invocations=9932 (full 16):
 PSYoungGen      total 5120K, used 5038K [0x00000000eab00000, 0x00000000eb300000, 0x0000000100000000)
  eden space 2560K, 100% used [0x00000000eab00000,0x00000000ead80000,0x00000000ead80000)
  from space 2560K, 96% used [0x00000000eb080000,0x00000000eb2eb800,0x00000000eb300000)
  to   space 2560K, 0% used [0x00000000ead80000,0x00000000ead80000,0x00000000eb000000)
 ParOldGen       total 663040K, used 662968K [0x00000000c0000000, 0x00000000e8780000, 0x00000000eab00000)
  object space 663040K, 99% used [0x00000000c0000000,0x00000000e876e1a8,0x00000000e8780000)
 Metaspace       used 79231K, committed 80704K, reserved 1179648K
  class space    used 7502K, committed 8256K, reserved 1048576K
}
Event: 13715.760 GC heap after
{Heap after GC invocations=9932 (full 16):
 PSYoungGen      total 4608K, used 1565K [0x00000000eab00000, 0x00000000eb180000, 0x0000000100000000)
  eden space 2560K, 0% used [0x00000000eab00000,0x00000000eab00000,0x00000000ead80000)
  from space 2048K, 76% used [0x00000000ead80000,0x00000000eaf07600,0x00000000eaf80000)
  to   space 2048K, 0% used [0x00000000eaf80000,0x00000000eaf80000,0x00000000eb180000)
 ParOldGen       total 665088K, used 665080K [0x00000000c0000000, 0x00000000e8980000, 0x00000000eab00000)
  object space 665088K, 99% used [0x00000000c0000000,0x00000000e897e1a8,0x00000000e8980000)
 Metaspace       used 79231K, committed 80704K, reserved 1179648K
  class space    used 7502K, committed 8256K, reserved 1048576K
}
Event: 13715.932 GC heap before
{Heap before GC invocations=9933 (full 16):
 PSYoungGen      total 4608K, used 4117K [0x00000000eab00000, 0x00000000eb180000, 0x0000000100000000)
  eden space 2560K, 99% used [0x00000000eab00000,0x00000000ead7e118,0x00000000ead80000)
  from space 2048K, 76% used [0x00000000ead80000,0x00000000eaf07600,0x00000000eaf80000)
  to   space 2048K, 0% used [0x00000000eaf80000,0x00000000eaf80000,0x00000000eb180000)
 ParOldGen       total 665088K, used 665080K [0x00000000c0000000, 0x00000000e8980000, 0x00000000eab00000)
  object space 665088K, 99% used [0x00000000c0000000,0x00000000e897e1a8,0x00000000e8980000)
 Metaspace       used 79231K, committed 80704K, reserved 1179648K
  class space    used 7502K, committed 8256K, reserved 1048576K
}
Event: 13715.934 GC heap after
{Heap after GC invocations=9933 (full 16):
 PSYoungGen      total 3072K, used 352K [0x00000000eab00000, 0x00000000eb000000, 0x0000000100000000)
  eden space 2560K, 0% used [0x00000000eab00000,0x00000000eab00000,0x00000000ead80000)
  from space 512K, 68% used [0x00000000eaf80000,0x00000000eafd8000,0x00000000eb000000)
  to   space 1024K, 0% used [0x00000000eae00000,0x00000000eae00000,0x00000000eaf00000)
 ParOldGen       total 666112K, used 665964K [0x00000000c0000000, 0x00000000e8a80000, 0x00000000eab00000)
  object space 666112K, 99% used [0x00000000c0000000,0x00000000e8a5b1c8,0x00000000e8a80000)
 Metaspace       used 79231K, committed 80704K, reserved 1179648K
  class space    used 7502K, committed 8256K, reserved 1048576K
}
Event: 13716.031 GC heap before
{Heap before GC invocations=9934 (full 16):
 PSYoungGen      total 3072K, used 2912K [0x00000000eab00000, 0x00000000eb000000, 0x0000000100000000)
  eden space 2560K, 100% used [0x00000000eab00000,0x00000000ead80000,0x00000000ead80000)
  from space 512K, 68% used [0x00000000eaf80000,0x00000000eafd8000,0x00000000eb000000)
  to   space 1024K, 0% used [0x00000000eae00000,0x00000000eae00000,0x00000000eaf00000)
 ParOldGen       total 666112K, used 665964K [0x00000000c0000000, 0x00000000e8a80000, 0x00000000eab00000)
  object space 666112K, 99% used [0x00000000c0000000,0x00000000e8a5b1c8,0x00000000e8a80000)
 Metaspace       used 79231K, committed 80704K, reserved 1179648K
  class space    used 7502K, committed 8256K, reserved 1048576K
}
Event: 13716.032 GC heap after
{Heap after GC invocations=9934 (full 16):
 PSYoungGen      total 3584K, used 352K [0x00000000eab00000, 0x00000000eb000000, 0x0000000100000000)
  eden space 2560K, 0% used [0x00000000eab00000,0x00000000eab00000,0x00000000ead80000)
  from space 1024K, 34% used [0x00000000eae00000,0x00000000eae58000,0x00000000eaf00000)
  to   space 512K, 0% used [0x00000000eaf80000,0x00000000eaf80000,0x00000000eb000000)
 ParOldGen       total 666624K, used 666199K [0x00000000c0000000, 0x00000000e8b00000, 0x00000000eab00000)
  object space 666624K, 99% used [0x00000000c0000000,0x00000000e8a95d08,0x00000000e8b00000)
 Metaspace       used 79231K, committed 80704K, reserved 1179648K
  class space    used 7502K, committed 8256K, reserved 1048576K
}
Event: 13716.036 GC heap before
{Heap before GC invocations=9935 (full 16):
 PSYoungGen      total 3584K, used 2912K [0x00000000eab00000, 0x00000000eb000000, 0x0000000100000000)
  eden space 2560K, 100% used [0x00000000eab00000,0x00000000ead80000,0x00000000ead80000)
  from space 1024K, 34% used [0x00000000eae00000,0x00000000eae58000,0x00000000eaf00000)
  to   space 512K, 0% used [0x00000000eaf80000,0x00000000eaf80000,0x00000000eb000000)
 ParOldGen       total 666624K, used 666199K [0x00000000c0000000, 0x00000000e8b00000, 0x00000000eab00000)
  object space 666624K, 99% used [0x00000000c0000000,0x00000000e8a95d08,0x00000000e8b00000)
 Metaspace       used 79231K, committed 80704K, reserved 1179648K
  class space    used 7502K, committed 8256K, reserved 1048576K
}
Event: 13716.037 GC heap after
{Heap after GC invocations=9935 (full 16):
 PSYoungGen      total 3072K, used 496K [0x00000000eab00000, 0x00000000eb000000, 0x0000000100000000)
  eden space 2560K, 0% used [0x00000000eab00000,0x00000000eab00000,0x00000000ead80000)
  from space 512K, 96% used [0x00000000eaf80000,0x00000000eaffc010,0x00000000eb000000)
  to   space 1024K, 0% used [0x00000000eae00000,0x00000000eae00000,0x00000000eaf00000)
 ParOldGen       total 666624K, used 666279K [0x00000000c0000000, 0x00000000e8b00000, 0x00000000eab00000)
  object space 666624K, 99% used [0x00000000c0000000,0x00000000e8aa9d08,0x00000000e8b00000)
 Metaspace       used 79231K, committed 80704K, reserved 1179648K
  class space    used 7502K, committed 8256K, reserved 1048576K
}
Event: 13716.145 GC heap before
{Heap before GC invocations=9936 (full 16):
 PSYoungGen      total 3072K, used 3056K [0x00000000eab00000, 0x00000000eb000000, 0x0000000100000000)
  eden space 2560K, 100% used [0x00000000eab00000,0x00000000ead80000,0x00000000ead80000)
  from space 512K, 96% used [0x00000000eaf80000,0x00000000eaffc010,0x00000000eb000000)
  to   space 1024K, 0% used [0x00000000eae00000,0x00000000eae00000,0x00000000eaf00000)
 ParOldGen       total 666624K, used 666279K [0x00000000c0000000, 0x00000000e8b00000, 0x00000000eab00000)
  object space 666624K, 99% used [0x00000000c0000000,0x00000000e8aa9d08,0x00000000e8b00000)
 Metaspace       used 79231K, committed 80704K, reserved 1179648K
  class space    used 7502K, committed 8256K, reserved 1048576K
}
Event: 13716.147 GC heap after
{Heap after GC invocations=9936 (full 16):
 PSYoungGen      total 3584K, used 320K [0x00000000eab00000, 0x00000000eb000000, 0x0000000100000000)
  eden space 2560K, 0% used [0x00000000eab00000,0x00000000eab00000,0x00000000ead80000)
  from space 1024K, 31% used [0x00000000eae00000,0x00000000eae50000,0x00000000eaf00000)
  to   space 512K, 0% used [0x00000000eaf80000,0x00000000eaf80000,0x00000000eb000000)
 ParOldGen       total 667136K, used 666683K [0x00000000c0000000, 0x00000000e8b80000, 0x00000000eab00000)
  object space 667136K, 99% used [0x00000000c0000000,0x00000000e8b0ecf8,0x00000000e8b80000)
 Metaspace       used 79231K, committed 80704K, reserved 1179648K
  class space    used 7502K, committed 8256K, reserved 1048576K
}
Event: 13716.308 GC heap before
{Heap before GC invocations=9937 (full 16):
 PSYoungGen      total 3584K, used 2879K [0x00000000eab00000, 0x00000000eb000000, 0x0000000100000000)
  eden space 2560K, 99% used [0x00000000eab00000,0x00000000ead7fff8,0x00000000ead80000)
  from space 1024K, 31% used [0x00000000eae00000,0x00000000eae50000,0x00000000eaf00000)
  to   space 512K, 0% used [0x00000000eaf80000,0x00000000eaf80000,0x00000000eb000000)
 ParOldGen       total 667136K, used 666683K [0x00000000c0000000, 0x00000000e8b80000, 0x00000000eab00000)
  object space 667136K, 99% used [0x00000000c0000000,0x00000000e8b0ecf8,0x00000000e8b80000)
 Metaspace       used 79231K, committed 80704K, reserved 1179648K
  class space    used 7502K, committed 8256K, reserved 1048576K
}
Event: 13716.310 GC heap after
{Heap after GC invocations=9937 (full 16):
 PSYoungGen      total 3072K, used 512K [0x00000000eab00000, 0x00000000eb000000, 0x0000000100000000)
  eden space 2560K, 0% used [0x00000000eab00000,0x00000000eab00000,0x00000000ead80000)
  from space 512K, 100% used [0x00000000eaf80000,0x00000000eb000000,0x00000000eb000000)
  to   space 1024K, 0% used [0x00000000eae00000,0x00000000eae00000,0x00000000eaf00000)
 ParOldGen       total 667136K, used 667011K [0x00000000c0000000, 0x00000000e8b80000, 0x00000000eab00000)
  object space 667136K, 99% used [0x00000000c0000000,0x00000000e8b60d28,0x00000000e8b80000)
 Metaspace       used 79231K, committed 80704K, reserved 1179648K
  class space    used 7502K, committed 8256K, reserved 1048576K
}
Event: 13716.316 GC heap before
{Heap before GC invocations=9938 (full 16):
 PSYoungGen      total 3072K, used 3072K [0x00000000eab00000, 0x00000000eb000000, 0x0000000100000000)
  eden space 2560K, 100% used [0x00000000eab00000,0x00000000ead80000,0x00000000ead80000)
  from space 512K, 100% used [0x00000000eaf80000,0x00000000eb000000,0x00000000eb000000)
  to   space 1024K, 0% used [0x00000000eae00000,0x00000000eae00000,0x00000000eaf00000)
 ParOldGen       total 667136K, used 667011K [0x00000000c0000000, 0x00000000e8b80000, 0x00000000eab00000)
  object space 667136K, 99% used [0x00000000c0000000,0x00000000e8b60d28,0x00000000e8b80000)
 Metaspace       used 79231K, committed 80704K, reserved 1179648K
  class space    used 7502K, committed 8256K, reserved 1048576K
}
Event: 13716.317 GC heap after
{Heap after GC invocations=9938 (full 16):
 PSYoungGen      total 3584K, used 1024K [0x00000000eab00000, 0x00000000eb080000, 0x0000000100000000)
  eden space 2560K, 0% used [0x00000000eab00000,0x00000000eab00000,0x00000000ead80000)
  from space 1024K, 100% used [0x00000000eae00000,0x00000000eaf00000,0x00000000eaf00000)
  to   space 1536K, 0% used [0x00000000eaf00000,0x00000000eaf00000,0x00000000eb080000)
 ParOldGen       total 667648K, used 667535K [0x00000000c0000000, 0x00000000e8c00000, 0x00000000eab00000)
  object space 667648K, 99% used [0x00000000c0000000,0x00000000e8be3d08,0x00000000e8c00000)
 Metaspace       used 79231K, committed 80704K, reserved 1179648K
  class space    used 7502K, committed 8256K, reserved 1048576K
}

